This is pdfTeX, Version 3.1415926-1.40.10 (MiKTeX 2.8) (preloaded format=pdflatex 2010.2.10)  12 APR 2010 09:08
entering extended mode
**C:/all*tech*stuff/My*Dropbox/Signature/nips2003.tex
("C:/all tech stuff/My Dropbox/Signature/nips2003.tex"
LaTeX2e <2009/09/24>
Babel <v3.8l> and hyphenation patterns for english, dumylang, nohyphenation, ge
rman, ngerman, german-x-2009-06-19, ngerman-x-2009-06-19, french, loaded.
("C:\Program Files\MiKTeX 2.8\tex\latex\base\article.cls"
Document Class: article 2007/10/19 v1.4h Standard LaTeX document class
("C:\Program Files\MiKTeX 2.8\tex\latex\base\size10.clo"
File: size10.clo 2007/10/19 v1.4h Standard LaTeX file (size option)
)
\c@part=\count79
\c@section=\count80
\c@subsection=\count81
\c@subsubsection=\count82
\c@paragraph=\count83
\c@subparagraph=\count84
\c@figure=\count85
\c@table=\count86
\abovecaptionskip=\skip41
\belowcaptionskip=\skip42
\bibindent=\dimen102
)
("C:\all tech stuff\My Dropbox\Signature\nips2003e.sty"
\titlebox=\skip43
)
("C:\Program Files\MiKTeX 2.8\tex\latex\psnfss\times.sty"
Package: times 2005/04/12 PSNFSS-v9.2a (SPQR) 
)
("C:\all tech stuff\My Dropbox\Signature\nips2003.aux")
LaTeX Font Info:    Checking defaults for OML/cmm/m/it on input line 45.
LaTeX Font Info:    ... okay on input line 45.
LaTeX Font Info:    Checking defaults for T1/cmr/m/n on input line 45.
LaTeX Font Info:    ... okay on input line 45.
LaTeX Font Info:    Checking defaults for OT1/cmr/m/n on input line 45.
LaTeX Font Info:    ... okay on input line 45.
LaTeX Font Info:    Checking defaults for OMS/cmsy/m/n on input line 45.
LaTeX Font Info:    ... okay on input line 45.
LaTeX Font Info:    Checking defaults for OMX/cmex/m/n on input line 45.
LaTeX Font Info:    ... okay on input line 45.
LaTeX Font Info:    Checking defaults for U/cmr/m/n on input line 45.
LaTeX Font Info:    ... okay on input line 45.
LaTeX Font Info:    Try loading font information for OT1+ptm on input line 45.

("C:\Program Files\MiKTeX 2.8\tex\latex\psnfss\ot1ptm.fd"
File: ot1ptm.fd 2001/06/04 font definitions for OT1/ptm.
)
LaTeX Font Info:    Font shape `OT1/ptm/bx/n' in size <17.28> not available
(Font)              Font shape `OT1/ptm/b/n' tried instead on input line 47.
LaTeX Font Info:    External font `cmex10' loaded for size
(Font)              <7> on input line 47.
LaTeX Font Info:    External font `cmex10' loaded for size
(Font)              <5> on input line 47.
LaTeX Font Info:    Font shape `OT1/ptm/bx/n' in size <10> not available
(Font)              Font shape `OT1/ptm/b/n' tried instead on input line 47.
LaTeX Font Info:    Try loading font information for OT1+pcr on input line 47.

("C:\Program Files\MiKTeX 2.8\tex\latex\psnfss\ot1pcr.fd"
File: ot1pcr.fd 2001/06/04 font definitions for OT1/pcr.
)
LaTeX Font Info:    External font `cmex10' loaded for size
(Font)              <9> on input line 47.
LaTeX Font Info:    External font `cmex10' loaded for size
(Font)              <6> on input line 47.
LaTeX Font Info:    Font shape `OT1/ptm/bx/n' in size <12> not available
(Font)              Font shape `OT1/ptm/b/n' tried instead on input line 49.
 [1

{C:/ProgramData/MiKTeX/2.8/pdftex/config/pdftex.map}]

LaTeX Warning: Reference `gen_inst' on page 2 undefined on input line 100.


LaTeX Warning: Reference `headings' on page 2 undefined on input line 100.


LaTeX Warning: Reference `others' on page 2 undefined on input line 100.


LaTeX Warning: Reference `others' on page 2 undefined on input line 143.

[2]

LaTeX Warning: `h' float specifier changed to `ht'.


LaTeX Warning: Reference `sample-table' on page 3 undefined on input line 209.

[3]
LaTeX Font Info:    Font shape `OT1/ptm/bx/n' in size <9> not available
(Font)              Font shape `OT1/ptm/b/n' tried instead on input line 260.
 [4] ("C:\all tech stuff\My Dropbox\Signature\nips2003.aux")

LaTeX Warning: There were undefined references.


LaTeX Warning: Label(s) may have changed. Rerun to get cross-references right.

 ) 
Here is how much of TeX's memory you used:
 349 strings out of 495285
 4333 string characters out of 3180394
 51093 words of memory out of 3000000
 3599 multiletter control sequences out of 15000+200000
 23244 words of font info for 44 fonts, out of 3000000 for 9000
 14 hyphenation exceptions out of 8191
 23i,10n,17p,207b,249s stack positions out of 5000i,500n,10000p,200000b,50000s
{C:/Program Files/MiKTeX 2.8/fonts/enc/dvips/fontname/8r.enc}<C:/Program File
s/MiKTeX 2.8/fonts/type1/public/amsfonts/cm/cmsy6.pfb><C:/Program Files/MiKTeX 
2.8/fonts/type1/public/amsfonts/cm/cmsy7.pfb><C:/Program Files/MiKTeX 2.8/fonts
/type1/urw/courier/ucrr8a.pfb><C:/Program Files/MiKTeX 2.8/fonts/type1/urw/time
s/utmb8a.pfb><C:/Program Files/MiKTeX 2.8/fonts/type1/urw/times/utmr8a.pfb><C:/
Program Files/MiKTeX 2.8/fonts/type1/urw/times/utmri8a.pfb>
Output written on nips2003.pdf (4 pages, 90217 bytes).
PDF statistics:
 40 PDF objects out of 1000 (max. 8388607)
 0 named destinations out of 1000 (max. 500000)
 1 words of extra memory for PDF output out of 10000 (max. 10000000)

